\BOOKMARK [1][-]{section.1}{Pour d\351buter}{}% 1
\BOOKMARK [2][-]{subsection.1.1}{Boucles}{section.1}% 2
\BOOKMARK [2][-]{subsection.1.2}{Variables et types num\351riques}{section.1}% 3
\BOOKMARK [2][-]{subsection.1.3}{D\351bug}{section.1}% 4
\BOOKMARK [1][-]{section.2}{Fonctions}{}% 5
\BOOKMARK [2][-]{subsection.2.1}{Documenter une fonction}{section.2}% 6
\BOOKMARK [2][-]{subsection.2.2}{Passer plusieurs arguments d'une fonction \340 l'aide d'une s\351quence}{section.2}% 7
\BOOKMARK [2][-]{subsection.2.3}{Nombre ind\351fini d'arguments}{section.2}% 8
\BOOKMARK [3][-]{subsubsection.2.3.1}{Arguments anonymes}{subsection.2.3}% 9
\BOOKMARK [3][-]{subsubsection.2.3.2}{Arguments avec cl\351}{subsection.2.3}% 10
\BOOKMARK [2][-]{subsection.2.4}{Importer des fonctions}{section.2}% 11
\BOOKMARK [1][-]{section.3}{Manipuler des fichiers}{}% 12
\BOOKMARK [1][-]{section.4}{Modules}{}% 13
\BOOKMARK [2][-]{subsection.4.1}{Importer des modules qui ne sont pas dans le r\351pertoire courant.}{section.4}% 14
\BOOKMARK [2][-]{subsection.4.2}{subprocess}{section.4}% 15
\BOOKMARK [1][-]{section.5}{Tout savoir sur les listes}{}% 16
\BOOKMARK [2][-]{subsection.5.1}{List-comprehension}{section.5}% 17
\BOOKMARK [2][-]{subsection.5.2}{Array et Numpy}{section.5}% 18
\BOOKMARK [3][-]{subsubsection.5.2.1}{Manipulation des array}{subsection.5.2}% 19
\BOOKMARK [1][-]{section.6}{Programmation objet}{}% 20
\BOOKMARK [2][-]{subsection.6.1}{Les fonctions sont des objets}{section.6}% 21
\BOOKMARK [1][-]{section.7}{Faire des graphiques}{}% 22
\BOOKMARK [2][-]{subsection.7.1}{Graphiques 2D}{section.7}% 23
\BOOKMARK [3][-]{subsubsection.7.1.1}{Histogrammes}{subsection.7.1}% 24
\BOOKMARK [2][-]{subsection.7.2}{Graphiques plus \351volu\351s}{section.7}% 25
\BOOKMARK [1][-]{section.8}{Faire des statistiques}{}% 26
\BOOKMARK [2][-]{subsection.8.1}{Bases}{section.8}% 27
\BOOKMARK [2][-]{subsection.8.2}{Test de Kolmogorov-Smirnov}{section.8}% 28
\BOOKMARK [1][-]{section.9}{Ex\351cuter des commandes syst\350me}{}% 29
\BOOKMARK [1][-]{section.10}{Astuces}{}% 30
\BOOKMARK [2][-]{subsection.10.1}{Copier une liste \(et non faire un lien virtuel\)}{section.10}% 31
\BOOKMARK [2][-]{subsection.10.2}{Tester si une variable existe}{section.10}% 32
\BOOKMARK [2][-]{subsection.10.3}{Tester le type d'une variable}{section.10}% 33
\BOOKMARK [2][-]{subsection.10.4}{Arrondir les floats}{section.10}% 34
\BOOKMARK [2][-]{subsection.10.5}{Lister un type de fichier}{section.10}% 35
\BOOKMARK [2][-]{subsection.10.6}{Personnaliser Python}{section.10}% 36
