\BOOKMARK [1][-]{section.1}{LaTeX avec Inkscape}{}
\BOOKMARK [1][-]{section.2}{G\351n\351ral}{}
\BOOKMARK [2][-]{subsection.2.1}{S\351lection avanc\351e d'objets}{section.2}
\BOOKMARK [2][-]{subsection.2.2}{S\351lection \340 la souris}{section.2}
\BOOKMARK [1][-]{section.3}{Motifs}{}
\BOOKMARK [2][-]{subsection.3.1}{Espacer des motifs}{section.3}
\BOOKMARK [1][-]{section.4}{Clones}{}
\BOOKMARK [2][-]{subsection.4.1}{S\351lectionner l'original}{section.4}
\BOOKMARK [1][-]{section.5}{Chemins}{}
\BOOKMARK [2][-]{subsection.5.1}{Fl\350ches dans le bon sens}{section.5}
\BOOKMARK [2][-]{subsection.5.2}{\311roder et Dilater}{section.5}
\BOOKMARK [2][-]{subsection.5.3}{Effets de chemin}{section.5}
\BOOKMARK [3][-]{subsubsection.5.3.1}{Courber un chemin}{subsection.5.3}
\BOOKMARK [3][-]{subsubsection.5.3.2}{Motif suivant un chemin}{subsection.5.3}
\BOOKMARK [3][-]{subsubsection.5.3.3}{Relier les sous-chemins}{subsection.5.3}
\BOOKMARK [1][-]{section.6}{Groupes}{}
\BOOKMARK [2][-]{subsection.6.1}{S\351lection dans un groupe}{section.6}
\BOOKMARK [1][-]{section.7}{Textes}{}
\BOOKMARK [2][-]{subsection.7.1}{Encadrer ou mettre en forme un texte}{section.7}
\BOOKMARK [1][-]{section.8}{Masques d'objets}{}
\BOOKMARK [1][-]{section.9}{Syst\350me de Lindenmayer}{}
\BOOKMARK [2][-]{subsection.9.1}{Flocon de Neige}{section.9}
